22:06:35,457 INFO  [MauiTopicExtractor] Extracting keyphrases with options: 
22:06:35,458 INFO  [MauiTopicExtractor] -l data/jobscan/train -m data/models/keyword_extraction_model -v none -f null -e default -i en -n 20 -c 0.0 -t com.entopix.maui.stemmers.PorterStemmer -s com.entopix.maui.stopwords.StopwordsEnglish   
22:06:35,459 INFO  [MauiTopicExtractor] -- Loading the model... 
22:06:35,671 INFO  [MauiTopicExtractor] -- Extracting keyphrases... 
22:06:35,753 INFO  [MauiTopicExtractor] -- Processing document: 1.txt
22:06:35,755 INFO  [MauiTopicExtractor] -- Keyphrases and feature values:
22:06:35,757 INFO  [MauiTopicExtractor] Topic data 1 0.9405735930735931 > true
22:06:35,757 INFO  [MauiTopicExtractor] Topic Analyst 1 0.8901948051948052 > true
22:06:35,758 INFO  [MauiTopicExtractor] Topic reports 1 0.8197402597402597 > true
22:06:35,758 INFO  [MauiTopicExtractor] Topic statistical 1 0.7572402597402598 > true
22:06:35,758 INFO  [MauiTopicExtractor] Topic business 1 0.7251190476190477 > false
22:06:35,758 INFO  [MauiTopicExtractor] Topic design 1 0.7019249444249444 > false
22:06:35,759 INFO  [MauiTopicExtractor] Topic information 1 0.6217816091954023 > true
22:06:35,759 INFO  [MauiTopicExtractor] Topic analyze 1 0.5896137770275701 > true
22:06:35,759 INFO  [MauiTopicExtractor] Topic analysis 1 0.5033333333333333 > false
22:06:35,759 INFO  [MauiTopicExtractor] Topic systems 1 0.43406906906906906 > false
22:06:35,759 INFO  [MauiTopicExtractor] Topic Required 1 0.35238884433752116 > false
22:06:35,759 INFO  [MauiTopicExtractor] Topic Develop 1 0.3235568035568036 > false
22:06:35,760 INFO  [MauiTopicExtractor] Topic Opportunity 1 0.318162800111477 > false
22:06:35,760 INFO  [MauiTopicExtractor] Topic insight 1 0.2603535353535354 > true
22:06:35,760 INFO  [MauiTopicExtractor] Topic quality 1 0.25373015873015875 > false
22:06:35,760 INFO  [MauiTopicExtractor] Topic Interpret 1 0.19692307692307692 > false
22:06:35,760 INFO  [MauiTopicExtractor] Topic improvement 1 0.1673294667781436 > false
22:06:35,760 INFO  [MauiTopicExtractor] Topic experience 1 0.16506902451770136 > false
22:06:35,761 INFO  [MauiTopicExtractor] Topic Full 1 0.15453138300845592 > false
22:06:35,761 INFO  [MauiTopicExtractor] Topic techniques 1 0.15142037586905266 > false
22:06:35,809 INFO  [MauiTopicExtractor] -- Processing document: 10.txt
22:06:35,810 INFO  [MauiTopicExtractor] -- Keyphrases and feature values:
22:06:35,810 INFO  [MauiTopicExtractor] Topic data 1 0.9405735930735931 > true
22:06:35,810 INFO  [MauiTopicExtractor] Topic experimental 1 0.8423220473220473 > true
22:06:35,810 INFO  [MauiTopicExtractor] Topic business 1 0.8106370656370656 > true
22:06:35,811 INFO  [MauiTopicExtractor] Topic solving a given problem 1 0.8045238095238095 > false
22:06:35,811 INFO  [MauiTopicExtractor] Topic design 1 0.8019249444249444 > true
22:06:35,814 INFO  [MauiTopicExtractor] Topic problems 1 0.79495670995671 > true
22:06:35,815 INFO  [MauiTopicExtractor] Topic collaborating 1 0.7896212121212122 > true
22:06:35,815 INFO  [MauiTopicExtractor] Topic testing 1 0.7861655011655012 > true
22:06:35,816 INFO  [MauiTopicExtractor] Topic engineers 1 0.7861655011655012 > true
22:06:35,816 INFO  [MauiTopicExtractor] Topic Computer Science 1 0.7711904761904762 > true
22:06:35,816 INFO  [MauiTopicExtractor] Topic statistics 1 0.7672402597402598 > true
22:06:35,816 INFO  [MauiTopicExtractor] Topic Research 1 0.7505735930735931 > true
22:06:35,816 INFO  [MauiTopicExtractor] Topic code 1 0.7293040293040293 > true
22:06:35,817 INFO  [MauiTopicExtractor] Topic team 1 0.7156370656370656 > true
22:06:35,817 INFO  [MauiTopicExtractor] Topic colleagues 1 0.7089887139887139 > true
22:06:35,817 INFO  [MauiTopicExtractor] Topic analytics 1 0.7062878787878788 > false
22:06:35,817 INFO  [MauiTopicExtractor] Topic quantitative 1 0.6983333333333334 > true
22:06:35,818 INFO  [MauiTopicExtractor] Topic love 1 0.6923220473220474 > true
22:06:35,818 INFO  [MauiTopicExtractor] Topic digital 1 0.6705937755937755 > true
22:06:35,818 INFO  [MauiTopicExtractor] Topic models 1 0.6672402597402598 > true
22:06:35,872 INFO  [MauiTopicExtractor] -- Processing document: 11.txt
22:06:35,872 INFO  [MauiTopicExtractor] -- Keyphrases and feature values:
22:06:35,873 INFO  [MauiTopicExtractor] Topic data 1 0.9405735930735931 > true
22:06:35,873 INFO  [MauiTopicExtractor] Topic Deloitte 1 0.9373809523809523 > true
22:06:35,873 INFO  [MauiTopicExtractor] Topic clients 1 0.9067857142857143 > true
22:06:35,873 INFO  [MauiTopicExtractor] Topic services 1 0.9067857142857143 > true
22:06:35,873 INFO  [MauiTopicExtractor] Topic data sources 1 0.8999783549783549 > true
22:06:35,874 INFO  [MauiTopicExtractor] Topic consulting 1 0.8901948051948052 > true
22:06:35,874 INFO  [MauiTopicExtractor] Topic data sets 1 0.8696428571428572 > true
22:06:35,874 INFO  [MauiTopicExtractor] Topic Analytics 1 0.8672402597402596 > true
22:06:35,874 INFO  [MauiTopicExtractor] Topic innovation 1 0.8019249444249444 > true
22:06:35,875 INFO  [MauiTopicExtractor] Topic designing 1 0.8019249444249444 > true
22:06:35,875 INFO  [MauiTopicExtractor] Topic Hadoop 1 0.7731370656370656 > true
22:06:35,875 INFO  [MauiTopicExtractor] Topic training 1 0.7731370656370656 > true
22:06:35,875 INFO  [MauiTopicExtractor] Topic Big Data 1 0.760930735930736 > true
22:06:35,875 INFO  [MauiTopicExtractor] Topic professional services 1 0.7573532668881506 > true
22:06:35,876 INFO  [MauiTopicExtractor] Topic professionals 1 0.7563080613080613 > true
22:06:35,876 INFO  [MauiTopicExtractor] Topic career 1 0.732065637065637 > true
22:06:35,877 INFO  [MauiTopicExtractor] Topic integrated data 1 0.7033667804016641 > false
22:06:35,877 INFO  [MauiTopicExtractor] Topic technical 1 0.7021212121212121 > true
22:06:35,877 INFO  [MauiTopicExtractor] Topic strategies 1 0.6983333333333334 > true
22:06:35,877 INFO  [MauiTopicExtractor] Topic Information Management 1 0.6980373230373231 > true
22:06:35,923 INFO  [MauiTopicExtractor] -- Processing document: 12.txt
22:06:35,926 INFO  [MauiTopicExtractor] -- Keyphrases and feature values:
22:06:35,926 INFO  [MauiTopicExtractor] Topic data sources 1 0.960930735930736 > true
22:06:35,926 INFO  [MauiTopicExtractor] Topic data 1 0.9405735930735931 > true
22:06:35,934 INFO  [MauiTopicExtractor] Topic reporting 1 0.8685916110916111 > true
22:06:35,935 INFO  [MauiTopicExtractor] Topic Tableau 1 0.867117882117882 > true
22:06:35,937 INFO  [MauiTopicExtractor] Topic clients 1 0.8148037323037324 > true
22:06:35,937 INFO  [MauiTopicExtractor] Topic data analysis 1 0.8086904761904762 > true
22:06:35,938 INFO  [MauiTopicExtractor] Topic Program 1 0.8019249444249444 > true
22:06:35,938 INFO  [MauiTopicExtractor] Topic collect data 1 0.7988095238095239 > true
22:06:35,938 INFO  [MauiTopicExtractor] Topic data science 1 0.7604761904761905 > true
22:06:35,938 INFO  [MauiTopicExtractor] Topic Unisys 1 0.7563080613080613 > true
22:06:35,938 INFO  [MauiTopicExtractor] Topic Software Development 1 0.7370995670995671 > true
22:06:35,939 INFO  [MauiTopicExtractor] Topic specifically 1 0.7141835191835192 > false
22:06:35,939 INFO  [MauiTopicExtractor] Topic Business Intelligence 1 0.7069262119262119 > true
22:06:35,939 INFO  [MauiTopicExtractor] Topic analysis 1 0.6273037323037324 > true
22:06:35,939 INFO  [MauiTopicExtractor] Topic design 1 0.6019249444249444 > true
22:06:35,939 INFO  [MauiTopicExtractor] Topic Conceptually 1 0.5896575646575646 > true
22:06:35,939 INFO  [MauiTopicExtractor] Topic Software 1 0.5896137770275701 > true
22:06:35,940 INFO  [MauiTopicExtractor] Topic models 1 0.5672402597402597 > false
22:06:35,940 INFO  [MauiTopicExtractor] Topic analytical 1 0.5672402597402597 > true
22:06:35,940 INFO  [MauiTopicExtractor] Topic investigation 1 0.5608333333333333 > true
22:06:35,985 INFO  [MauiTopicExtractor] -- Processing document: 13.txt
22:06:35,985 INFO  [MauiTopicExtractor] -- Keyphrases and feature values:
22:06:35,986 INFO  [MauiTopicExtractor] Topic data 1 0.9405735930735931 > true
22:06:35,986 INFO  [MauiTopicExtractor] Topic statistical modeling 1 0.8523532668881506 > true
22:06:35,986 INFO  [MauiTopicExtractor] Topic data sets 1 0.8086904761904762 > true
22:06:35,986 INFO  [MauiTopicExtractor] Topic data analysis 1 0.8086904761904762 > true
22:06:35,987 INFO  [MauiTopicExtractor] Topic data science 1 0.8045238095238096 > true
22:06:35,987 INFO  [MauiTopicExtractor] Topic program 1 0.8019249444249444 > true
22:06:35,987 INFO  [MauiTopicExtractor] Topic visualization 1 0.7896212121212122 > true
22:06:35,987 INFO  [MauiTopicExtractor] Topic analytics 1 0.7672402597402598 > false
22:06:35,987 INFO  [MauiTopicExtractor] Topic relational databases 1 0.7573532668881506 > true
22:06:35,988 INFO  [MauiTopicExtractor] Topic model 1 0.7572402597402598 > true
22:06:35,988 INFO  [MauiTopicExtractor] Topic teams 1 0.731470398970399 > false
22:06:35,988 INFO  [MauiTopicExtractor] Topic machine learning 1 0.705378592878593 > true
22:06:35,988 INFO  [MauiTopicExtractor] Topic Python 1 0.7038728013728013 > true
22:06:35,989 INFO  [MauiTopicExtractor] Topic Design 1 0.6896212121212122 > true
22:06:35,989 INFO  [MauiTopicExtractor] Topic statistical 1 0.6672402597402598 > false
22:06:35,989 INFO  [MauiTopicExtractor] Topic internal 1 0.6382311382311382 > true
22:06:35,989 INFO  [MauiTopicExtractor] Topic operational 1 0.615 > false
22:06:35,989 INFO  [MauiTopicExtractor] Topic local law 1 0.6033667804016641 > true
22:06:35,990 INFO  [MauiTopicExtractor] Topic programming language 1 0.6033667804016641 > true
22:06:35,990 INFO  [MauiTopicExtractor] Topic APIs 1 0.5727777777777778 > true
22:06:36,019 INFO  [MauiTopicExtractor] -- Processing document: 14.txt
22:06:36,019 INFO  [MauiTopicExtractor] -- Keyphrases and feature values:
22:06:36,020 INFO  [MauiTopicExtractor] Topic research 1 0.9530735930735931 > true
22:06:36,020 INFO  [MauiTopicExtractor] Topic Mars 1 0.9373809523809523 > true
22:06:36,020 INFO  [MauiTopicExtractor] Topic data 1 0.8896212121212121 > true
22:06:36,020 INFO  [MauiTopicExtractor] Topic analytics 1 0.8572402597402597 > true
22:06:36,020 INFO  [MauiTopicExtractor] Topic business 1 0.8067857142857143 > true
22:06:36,020 INFO  [MauiTopicExtractor] Topic collaboration 1 0.7896212121212122 > true
22:06:36,020 INFO  [MauiTopicExtractor] Topic Marketing 1 0.7731370656370656 > true
22:06:36,020 INFO  [MauiTopicExtractor] Topic Signature 1 0.7139887139887139 > true
22:06:36,021 INFO  [MauiTopicExtractor] Topic drive 1 0.6487323037323037 > true
22:06:36,021 INFO  [MauiTopicExtractor] Topic tools 1 0.6353968253968254 > true
22:06:36,021 INFO  [MauiTopicExtractor] Topic team 1 0.6273037323037324 > true
22:06:36,021 INFO  [MauiTopicExtractor] Topic expertise 1 0.6139887139887139 > true
22:06:36,021 INFO  [MauiTopicExtractor] Topic quantitative 1 0.6106370656370657 > true
22:06:36,021 INFO  [MauiTopicExtractor] Topic Services 1 0.5463728013728014 > false
22:06:36,021 INFO  [MauiTopicExtractor] Topic partners 1 0.5126373626373626 > true
22:06:36,031 INFO  [MauiTopicExtractor] Topic Strategy 1 0.49833333333333335 > true
22:06:36,031 INFO  [MauiTopicExtractor] Topic leverage 1 0.4925601425601426 > true
22:06:36,032 INFO  [MauiTopicExtractor] Topic Catalyst 1 0.4866666666666667 > true
22:06:36,032 INFO  [MauiTopicExtractor] Topic agenda 1 0.4866666666666667 > true
22:06:36,032 INFO  [MauiTopicExtractor] Topic single 1 0.4533333333333333 > true
22:06:36,057 INFO  [MauiTopicExtractor] -- Processing document: 15.txt
22:06:36,059 INFO  [MauiTopicExtractor] -- Keyphrases and feature values:
22:06:36,059 INFO  [MauiTopicExtractor] Topic Big Data 1 0.960930735930736 > true
22:06:36,059 INFO  [MauiTopicExtractor] Topic data 1 0.9405735930735931 > true
22:06:36,059 INFO  [MauiTopicExtractor] Topic clients 1 0.9192857142857143 > true
22:06:36,059 INFO  [MauiTopicExtractor] Topic IRI 1 0.8987323037323037 > true
22:06:36,059 INFO  [MauiTopicExtractor] Topic Innovation 1 0.8685916110916111 > true
22:06:36,059 INFO  [MauiTopicExtractor] Topic statistical 1 0.8672402597402596 > true
22:06:36,061 INFO  [MauiTopicExtractor] Topic analytics 1 0.8672402597402596 > true
22:06:36,061 INFO  [MauiTopicExtractor] Topic CPG 1 0.8423220473220473 > true
22:06:36,061 INFO  [MauiTopicExtractor] Topic purchase 1 0.8423220473220473 > true
22:06:36,062 INFO  [MauiTopicExtractor] Topic Collaboration 1 0.7896212121212122 > true
22:06:36,062 INFO  [MauiTopicExtractor] Topic focus 1 0.7756553806553806 > true
22:06:36,066 INFO  [MauiTopicExtractor] Topic media 1 0.7718797868797869 > true
22:06:36,066 INFO  [MauiTopicExtractor] Topic flexible 1 0.7534331584331584 > true
22:06:36,066 INFO  [MauiTopicExtractor] Topic team 1 0.731470398970399 > true
22:06:36,067 INFO  [MauiTopicExtractor] Topic business 1 0.715952380952381 > true
22:06:36,067 INFO  [MauiTopicExtractor] Topic health 1 0.5983333333333334 > true
22:06:36,067 INFO  [MauiTopicExtractor] Topic Analyst 1 0.47867125367125374 > true
22:06:36,067 INFO  [MauiTopicExtractor] Topic media and digital 1 0.4658667804016641 > false
22:06:36,067 INFO  [MauiTopicExtractor] Topic retail 1 0.4500298395647233 > true
22:06:36,067 INFO  [MauiTopicExtractor] Topic largest 1 0.4132747694394692 > false
22:06:36,091 INFO  [MauiTopicExtractor] -- Processing document: 16.txt
22:06:36,092 INFO  [MauiTopicExtractor] -- Keyphrases and feature values:
22:06:36,092 INFO  [MauiTopicExtractor] Topic Data 1 0.9405735930735931 > true
22:06:36,093 INFO  [MauiTopicExtractor] Topic Microsoft 1 0.9373809523809523 > true
22:06:36,093 INFO  [MauiTopicExtractor] Topic technical 1 0.9019249444249444 > true
22:06:36,093 INFO  [MauiTopicExtractor] Topic algorithms 1 0.9019249444249444 > true
22:06:36,093 INFO  [MauiTopicExtractor] Topic designing 1 0.8197402597402597 > true
22:06:36,093 INFO  [MauiTopicExtractor] Topic Reports 1 0.8019249444249444 > true
22:06:36,094 INFO  [MauiTopicExtractor] Topic Business 1 0.7989703989703989 > false
22:06:36,094 INFO  [MauiTopicExtractor] Topic architecting 1 0.7139887139887139 > true
22:06:36,094 INFO  [MauiTopicExtractor] Topic Big Data 1 0.699978354978355 > true
22:06:36,095 INFO  [MauiTopicExtractor] Topic datasets 1 0.6758934758934758 > true
22:06:36,096 INFO  [MauiTopicExtractor] Topic SQL 1 0.6562878787878788 > true
22:06:36,097 INFO  [MauiTopicExtractor] Topic Business Intelligence 1 0.644426211926212 > true
22:06:36,098 INFO  [MauiTopicExtractor] Topic services 1 0.6347061347061347 > true
22:06:36,098 INFO  [MauiTopicExtractor] Topic piracy 1 0.5806553806553806 > true
22:06:36,098 INFO  [MauiTopicExtractor] Topic solutions 1 0.5736712536712536 > true
22:06:36,099 INFO  [MauiTopicExtractor] Topic Antipiracy 1 0.5139887139887139 > true
22:06:36,104 INFO  [MauiTopicExtractor] Topic agile 1 0.5139887139887139 > true
22:06:36,104 INFO  [MauiTopicExtractor] Topic statistical 1 0.5062878787878787 > true
22:06:36,104 INFO  [MauiTopicExtractor] Topic detection 1 0.4973220473220473 > true
22:06:36,104 INFO  [MauiTopicExtractor] Topic status 1 0.43090909090909085 > true
22:06:36,135 INFO  [MauiTopicExtractor] -- Processing document: 17.txt
22:06:36,137 INFO  [MauiTopicExtractor] -- Keyphrases and feature values:
22:06:36,137 INFO  [MauiTopicExtractor] Topic data 1 0.9405735930735931 > true
22:06:36,137 INFO  [MauiTopicExtractor] Topic Medical 1 0.9373809523809523 > true
22:06:36,137 INFO  [MauiTopicExtractor] Topic health 1 0.9192857142857143 > true
22:06:36,138 INFO  [MauiTopicExtractor] Topic Hackensack 1 0.9143040293040293 > true
22:06:36,138 INFO  [MauiTopicExtractor] Topic analytics 1 0.8572402597402597 > true
22:06:36,139 INFO  [MauiTopicExtractor] Topic Center 1 0.8476373626373626 > true
22:06:36,139 INFO  [MauiTopicExtractor] Topic University 1 0.8476373626373626 > true
22:06:36,140 INFO  [MauiTopicExtractor] Topic HackensackUMC 1 0.808988713988714 > true
22:06:36,140 INFO  [MauiTopicExtractor] Topic school 1 0.7423220473220472 > true
22:06:36,143 INFO  [MauiTopicExtractor] Topic Chief 1 0.732065637065637 > true
22:06:36,144 INFO  [MauiTopicExtractor] Topic care 1 0.7256553806553806 > true
22:06:36,156 INFO  [MauiTopicExtractor] Topic collaborative 1 0.6896212121212122 > true
22:06:36,157 INFO  [MauiTopicExtractor] Topic reporting 1 0.6896212121212122 > true
22:06:36,157 INFO  [MauiTopicExtractor] Topic CAA 1 0.6526373626373625 > true
22:06:36,157 INFO  [MauiTopicExtractor] Topic manage the health 1 0.6511904761904762 > true
22:06:36,158 INFO  [MauiTopicExtractor] Topic Business Intelligence 1 0.644426211926212 > true
22:06:36,158 INFO  [MauiTopicExtractor] Topic services 1 0.6370259545259545 > false
22:06:36,158 INFO  [MauiTopicExtractor] Topic team 1 0.6273037323037324 > true
22:06:36,158 INFO  [MauiTopicExtractor] Topic Advanced 1 0.5831329605467536 > true
22:06:36,158 INFO  [MauiTopicExtractor] Topic clinical 1 0.5382311382311382 > true
22:06:36,183 INFO  [MauiTopicExtractor] -- Processing document: 18.txt
22:06:36,223 INFO  [MauiTopicExtractor] -- Keyphrases and feature values:
22:06:36,223 INFO  [MauiTopicExtractor] Topic Data Analysis 1 0.9604761904761905 > true
22:06:36,223 INFO  [MauiTopicExtractor] Topic Data 1 0.9405735930735931 > true
22:06:36,223 INFO  [MauiTopicExtractor] Topic technical 1 0.9197402597402597 > true
22:06:36,223 INFO  [MauiTopicExtractor] Topic training 1 0.8681370656370657 > true
22:06:36,223 INFO  [MauiTopicExtractor] Topic Python 1 0.8575601425601426 > true
22:06:36,223 INFO  [MauiTopicExtractor] Topic analytics 1 0.8572402597402597 > true
22:06:36,224 INFO  [MauiTopicExtractor] Topic SQL 1 0.7685916110916111 > true
22:06:36,224 INFO  [MauiTopicExtractor] Topic knowledge 1 0.7671178821178821 > true
22:06:36,224 INFO  [MauiTopicExtractor] Topic Frontier 1 0.7526373626373626 > true
22:06:36,224 INFO  [MauiTopicExtractor] Topic consistent 1 0.7339887139887139 > true
22:06:36,224 INFO  [MauiTopicExtractor] Topic Analysis 1 0.723452380952381 > false
22:06:36,224 INFO  [MauiTopicExtractor] Topic Operational 1 0.7106370656370655 > true
22:06:36,224 INFO  [MauiTopicExtractor] Topic Engineering 1 0.7092424242424242 > true
22:06:36,224 INFO  [MauiTopicExtractor] Topic marketing 1 0.6983333333333334 > true
22:06:36,224 INFO  [MauiTopicExtractor] Topic Reporting 1 0.6896212121212122 > true
22:06:36,225 INFO  [MauiTopicExtractor] Topic hands 1 0.6866666666666666 > true
22:06:36,225 INFO  [MauiTopicExtractor] Topic Hadoop 1 0.6731370656370657 > true
22:06:36,225 INFO  [MauiTopicExtractor] Topic teams 1 0.665952380952381 > false
22:06:36,225 INFO  [MauiTopicExtractor] Topic systems 1 0.6463728013728014 > true
22:06:36,225 INFO  [MauiTopicExtractor] Topic required 1 0.6217816091954023 > false
22:06:36,243 INFO  [MauiTopicExtractor] -- Processing document: 19.txt
22:06:36,243 INFO  [MauiTopicExtractor] -- Keyphrases and feature values:
22:06:36,244 INFO  [MauiTopicExtractor] Topic data 1 0.9405735930735931 > true
22:06:36,244 INFO  [MauiTopicExtractor] Topic marketing 1 0.9192857142857143 > true
22:06:36,244 INFO  [MauiTopicExtractor] Topic client 1 0.9192857142857143 > true
22:06:36,244 INFO  [MauiTopicExtractor] Topic iCrossing 1 0.9143040293040293 > true
22:06:36,244 INFO  [MauiTopicExtractor] Topic media 1 0.89495670995671 > true
22:06:36,244 INFO  [MauiTopicExtractor] Topic digital marketing 1 0.8845238095238095 > true
22:06:36,244 INFO  [MauiTopicExtractor] Topic analytic 1 0.8572402597402597 > true
22:06:36,245 INFO  [MauiTopicExtractor] Topic predictive modelling 1 0.818051948051948 > true
22:06:36,245 INFO  [MauiTopicExtractor] Topic business objectives 1 0.8128571428571428 > true
22:06:36,245 INFO  [MauiTopicExtractor] Topic digital 1 0.8092424242424242 > true
22:06:36,245 INFO  [MauiTopicExtractor] Topic programs 1 0.7896212121212122 > true
22:06:36,245 INFO  [MauiTopicExtractor] Topic models 1 0.7572402597402598 > true
22:06:36,245 INFO  [MauiTopicExtractor] Topic reporting 1 0.6896212121212122 > true
22:06:36,246 INFO  [MauiTopicExtractor] Topic attribution 1 0.6806553806553806 > true
22:06:36,246 INFO  [MauiTopicExtractor] Topic quantitative 1 0.6773037323037323 > true
22:06:36,246 INFO  [MauiTopicExtractor] Topic present 1 0.6731370656370657 > true
22:06:36,246 INFO  [MauiTopicExtractor] Topic statistical 1 0.6672402597402598 > false
22:06:36,246 INFO  [MauiTopicExtractor] Topic business 1 0.6492857142857142 > true
22:06:36,246 INFO  [MauiTopicExtractor] Topic technologies 1 0.611439173852967 > false
22:06:36,246 INFO  [MauiTopicExtractor] Topic analysis 1 0.565952380952381 > true
22:06:36,260 INFO  [MauiTopicExtractor] -- Processing document: 2.txt
22:06:36,260 INFO  [MauiTopicExtractor] -- Keyphrases and feature values:
22:06:36,260 INFO  [MauiTopicExtractor] Topic visualization 1 0.9530735930735931 > true
22:06:36,260 INFO  [MauiTopicExtractor] Topic Data 1 0.9405735930735931 > true
22:06:36,260 INFO  [MauiTopicExtractor] Topic analytic 1 0.8572402597402597 > false
22:06:36,261 INFO  [MauiTopicExtractor] Topic reports 1 0.7796212121212122 > true
22:06:36,261 INFO  [MauiTopicExtractor] Topic Reporting Effective 1 0.7178571428571429 > true
22:06:36,261 INFO  [MauiTopicExtractor] Topic consumer 1 0.6693040293040293 > false
22:06:36,261 INFO  [MauiTopicExtractor] Topic team 1 0.665952380952381 > false
22:06:36,261 INFO  [MauiTopicExtractor] Topic Scientists 1 0.6112804436942368 > true
22:06:36,261 INFO  [MauiTopicExtractor] Topic problem 1 0.48424242424242425 > false
22:06:36,261 INFO  [MauiTopicExtractor] Topic interaction 1 0.362341460755783 > false
22:06:36,261 INFO  [MauiTopicExtractor] Topic Data Scientists 1 0.25817993600602296 > false
22:06:36,269 INFO  [MauiTopicExtractor] Topic SilverCloud 1 0.22900812742244972 > false
22:06:36,269 INFO  [MauiTopicExtractor] Topic Internet 1 0.22794752136184362 > false
22:06:36,269 INFO  [MauiTopicExtractor] Topic who 1 0.16128085469517695 > false
22:06:36,270 INFO  [MauiTopicExtractor] Topic week 1 0.13670043511475735 > false
22:06:36,270 INFO  [MauiTopicExtractor] Topic hours 1 0.13670043511475735 > false
22:06:36,270 INFO  [MauiTopicExtractor] Topic work 1 0.0472284143248417 > false
22:06:36,270 INFO  [MauiTopicExtractor] Topic fast 1 0.025960208420332198 > false
22:06:36,270 INFO  [MauiTopicExtractor] Topic personal 1 0.025960208420332198 > false
22:06:36,270 INFO  [MauiTopicExtractor] Topic hours per week 1 0.008311688311688312 > false
22:06:36,297 INFO  [MauiTopicExtractor] -- Processing document: 20.txt
22:06:36,297 INFO  [MauiTopicExtractor] -- Keyphrases and feature values:
22:06:36,297 INFO  [MauiTopicExtractor] Topic research 1 0.950573593073593 > true
22:06:36,299 INFO  [MauiTopicExtractor] Topic data 1 0.9405735930735931 > true
22:06:36,299 INFO  [MauiTopicExtractor] Topic algorithm 1 0.9197402597402597 > true
22:06:36,299 INFO  [MauiTopicExtractor] Topic reporting 1 0.9019249444249444 > true
22:06:36,299 INFO  [MauiTopicExtractor] Topic clients 1 0.9014703989703989 > true
22:06:36,299 INFO  [MauiTopicExtractor] Topic presentations 1 0.8806370656370657 > true
22:06:36,300 INFO  [MauiTopicExtractor] Topic health 1 0.8806370656370657 > true
22:06:36,300 INFO  [MauiTopicExtractor] Topic data analysis 1 0.8738095238095237 > true
22:06:36,300 INFO  [MauiTopicExtractor] Topic statistical 1 0.8672402597402596 > true
22:06:36,300 INFO  [MauiTopicExtractor] Topic analytic 1 0.8572402597402597 > true
22:06:36,300 INFO  [MauiTopicExtractor] Topic abuse 1 0.8320656370656371 > true
22:06:36,300 INFO  [MauiTopicExtractor] Topic Healthcare 1 0.8320656370656371 > true
22:06:36,300 INFO  [MauiTopicExtractor] Topic claims 1 0.8320656370656371 > true
22:06:36,300 INFO  [MauiTopicExtractor] Topic fraud 1 0.8320656370656371 > true
22:06:36,300 INFO  [MauiTopicExtractor] Topic quantitative analysis 1 0.7647039897039897 > true
22:06:36,300 INFO  [MauiTopicExtractor] Topic team 1 0.7273037323037322 > false
22:06:36,300 INFO  [MauiTopicExtractor] Topic analysis 1 0.723452380952381 > true
22:06:36,301 INFO  [MauiTopicExtractor] Topic investigation 1 0.7106370656370656 > true
22:06:36,301 INFO  [MauiTopicExtractor] Topic Program 1 0.7021212121212121 > true
22:06:36,301 INFO  [MauiTopicExtractor] Topic training 1 0.6983333333333334 > true
22:06:36,329 INFO  [MauiTopicExtractor] -- Processing document: 21.txt
22:06:36,330 INFO  [MauiTopicExtractor] -- Keyphrases and feature values:
22:06:36,330 INFO  [MauiTopicExtractor] Topic data 1 0.9405735930735931 > true
22:06:36,331 INFO  [MauiTopicExtractor] Topic Solutions 1 0.8901948051948052 > true
22:06:36,331 INFO  [MauiTopicExtractor] Topic statistical 1 0.8672402597402596 > true
22:06:36,331 INFO  [MauiTopicExtractor] Topic modeling 1 0.8572402597402597 > true
22:06:36,331 INFO  [MauiTopicExtractor] Topic analytics 1 0.8572402597402597 > true
22:06:36,332 INFO  [MauiTopicExtractor] Topic business 1 0.8192857142857143 > true
22:06:36,332 INFO  [MauiTopicExtractor] Topic Predictive modeling 1 0.818051948051948 > true
22:06:36,332 INFO  [MauiTopicExtractor] Topic Predictive 1 0.7753280627418558 > true
22:06:36,332 INFO  [MauiTopicExtractor] Topic consulting 1 0.7671178821178821 > true
22:06:36,332 INFO  [MauiTopicExtractor] Topic COE 1 0.7643040293040293 > true
22:06:36,333 INFO  [MauiTopicExtractor] Topic specialized 1 0.7256553806553806 > true
22:06:36,333 INFO  [MauiTopicExtractor] Topic decision making 1 0.6511904761904762 > true
22:06:36,333 INFO  [MauiTopicExtractor] Topic team 1 0.6314703989703989 > false
22:06:36,333 INFO  [MauiTopicExtractor] Topic partners 1 0.5973220473220473 > false
22:06:36,333 INFO  [MauiTopicExtractor] Topic appropriate 1 0.5309706959706959 > true
22:06:36,333 INFO  [MauiTopicExtractor] Topic clients 1 0.515 > false
22:06:36,334 INFO  [MauiTopicExtractor] Topic professionals 1 0.42757575757575755 > true
22:06:36,334 INFO  [MauiTopicExtractor] Topic Understanding 1 0.3495474045474045 > false
22:06:36,334 INFO  [MauiTopicExtractor] Topic build 1 0.34649613344481034 > false
22:06:36,334 INFO  [MauiTopicExtractor] Topic decision 1 0.3135709310310548 > false
22:06:36,348 INFO  [MauiTopicExtractor] -- Processing document: 22.txt
22:06:36,349 INFO  [MauiTopicExtractor] -- Keyphrases and feature values:
22:06:36,350 INFO  [MauiTopicExtractor] Topic Data 1 0.950573593073593 > false
22:06:36,350 INFO  [MauiTopicExtractor] Topic McAfee 1 0.9373809523809523 > true
22:06:36,350 INFO  [MauiTopicExtractor] Topic Researcher 1 0.8896212121212121 > true
22:06:36,350 INFO  [MauiTopicExtractor] Topic Service 1 0.8220421245421246 > true
22:06:36,350 INFO  [MauiTopicExtractor] Topic Engineer 1 0.7861655011655012 > true
22:06:36,351 INFO  [MauiTopicExtractor] Topic operates 1 0.6941666666666666 > true
22:06:36,351 INFO  [MauiTopicExtractor] Topic Design 1 0.6896212121212122 > true
22:06:36,355 INFO  [MauiTopicExtractor] Topic ePO 1 0.6626373626373626 > true
22:06:36,355 INFO  [MauiTopicExtractor] Topic systems 1 0.6463728013728014 > false
22:06:36,356 INFO  [MauiTopicExtractor] Topic enterprise 1 0.630970695970696 > true
22:06:36,356 INFO  [MauiTopicExtractor] Topic team 1 0.615 > false
22:06:36,356 INFO  [MauiTopicExtractor] Topic infrastructure 1 0.5256553806553806 > true
22:06:36,356 INFO  [MauiTopicExtractor] Topic security 1 0.3910909185047116 > true
22:06:36,356 INFO  [MauiTopicExtractor] Topic management 1 0.25435473880341564 > true
22:06:36,357 INFO  [MauiTopicExtractor] Topic environment 1 0.24940940628129477 > false
22:06:36,357 INFO  [MauiTopicExtractor] Topic Software 1 0.2410909185047116 > false
22:06:36,357 INFO  [MauiTopicExtractor] Topic responsibility 1 0.20944437131625976 > false
22:06:36,357 INFO  [MauiTopicExtractor] Topic POSITION 1 0.1460909185047116 > false
22:06:36,357 INFO  [MauiTopicExtractor] Topic Associate 1 0.1358861776391126 > false
22:06:36,357 INFO  [MauiTopicExtractor] Topic experience 1 0.12642037586905266 > false
22:06:36,386 INFO  [MauiTopicExtractor] -- Processing document: 23.txt
22:06:36,386 INFO  [MauiTopicExtractor] -- Keyphrases and feature values:
22:06:36,386 INFO  [MauiTopicExtractor] Topic data mining 1 0.960930735930736 > true
22:06:36,386 INFO  [MauiTopicExtractor] Topic data 1 0.9405735930735931 > false
22:06:36,386 INFO  [MauiTopicExtractor] Topic visualization 1 0.8685916110916111 > true
22:06:36,386 INFO  [MauiTopicExtractor] Topic analytics 1 0.8572402597402597 > true
22:06:36,386 INFO  [MauiTopicExtractor] Topic operational 1 0.8148037323037324 > false
22:06:36,386 INFO  [MauiTopicExtractor] Topic supply chain 1 0.8037662337662338 > true
22:06:36,386 INFO  [MauiTopicExtractor] Topic marketing 1 0.7941666666666667 > true
22:06:36,387 INFO  [MauiTopicExtractor] Topic models 1 0.7572402597402598 > true
22:06:36,387 INFO  [MauiTopicExtractor] Topic statistical 1 0.7572402597402598 > true
22:06:36,387 INFO  [MauiTopicExtractor] Topic teams 1 0.7417857142857143 > true
22:06:36,387 INFO  [MauiTopicExtractor] Topic device 1 0.4533333333333333 > true
22:06:36,387 INFO  [MauiTopicExtractor] Topic like 1 0.3505406280007518 > false
22:06:36,387 INFO  [MauiTopicExtractor] Topic leading 1 0.34649613344481034 > false
22:06:36,387 INFO  [MauiTopicExtractor] Topic Verizon 1 0.33010179299063064 > false
22:06:36,387 INFO  [MauiTopicExtractor] Topic Wireless 1 0.33010179299063064 > false
22:06:36,387 INFO  [MauiTopicExtractor] Topic chain 1 0.3054526632787502 > false
22:06:36,387 INFO  [MauiTopicExtractor] Topic supply 1 0.3054526632787502 > false
22:06:36,387 INFO  [MauiTopicExtractor] Topic expert 1 0.25933537550007524 > false
22:06:36,387 INFO  [MauiTopicExtractor] Topic highly 1 0.25933537550007524 > false
22:06:36,388 INFO  [MauiTopicExtractor] Topic experience 1 0.24006902451770137 > false
22:06:36,401 INFO  [MauiTopicExtractor] -- Processing document: 24.txt
22:06:36,402 INFO  [MauiTopicExtractor] -- Keyphrases and feature values:
22:06:36,402 INFO  [MauiTopicExtractor] Topic data 1 0.9405735930735931 > false
22:06:36,402 INFO  [MauiTopicExtractor] Topic Analyst 1 0.867117882117882 > false
22:06:36,402 INFO  [MauiTopicExtractor] Topic modeling 1 0.8572402597402597 > false
22:06:36,402 INFO  [MauiTopicExtractor] Topic data quality 1 0.7988095238095239 > false
22:06:36,402 INFO  [MauiTopicExtractor] Topic Data Model 1 0.5754329004329005 > false
22:06:36,402 INFO  [MauiTopicExtractor] Topic quality 1 0.43597069597069593 > false
22:06:36,403 INFO  [MauiTopicExtractor] Topic expected 1 0.30700346541778767 > false
22:06:36,403 INFO  [MauiTopicExtractor] Topic role 1 0.29817993600602294 > false
22:06:36,403 INFO  [MauiTopicExtractor] Topic send 1 0.2106398290541513 > false
22:06:36,403 INFO  [MauiTopicExtractor] Topic requires 1 0.19006902451770136 > false
22:06:36,403 INFO  [MauiTopicExtractor] Topic cataloging 1 0.1700337684480907 > false
22:06:36,403 INFO  [MauiTopicExtractor] Topic â 1 0.15651326933935628 > false
22:06:36,403 INFO  [MauiTopicExtractor] Topic questions 1 0.14940940628129473 > false
22:06:36,403 INFO  [MauiTopicExtractor] Topic ext.325 1 0.14397316238748464 > false
22:06:36,403 INFO  [MauiTopicExtractor] Topic interested 1 0.14397316238748464 > false
22:06:36,403 INFO  [MauiTopicExtractor] Topic reach 1 0.14397316238748464 > false
22:06:36,403 INFO  [MauiTopicExtractor] Topic resume 1 0.14397316238748464 > false
22:06:36,403 INFO  [MauiTopicExtractor] Topic Experience 1 0.14006902451770137 > false
22:06:36,404 INFO  [MauiTopicExtractor] Topic Please 1 0.13927619269051492 > false
22:06:36,404 INFO  [MauiTopicExtractor] Topic use 1 0.12058495487063643 > false
22:06:36,415 INFO  [MauiTopicExtractor] -- Processing document: 26.txt
22:06:36,415 INFO  [MauiTopicExtractor] -- Keyphrases and feature values:
22:06:36,415 INFO  [MauiTopicExtractor] Topic data management 1 0.9604761904761905 > true
22:06:36,415 INFO  [MauiTopicExtractor] Topic data 1 0.9405735930735931 > true
22:06:36,416 INFO  [MauiTopicExtractor] Topic design 1 0.9072402597402597 > true
22:06:36,416 INFO  [MauiTopicExtractor] Topic models 1 0.8572402597402597 > false
22:06:36,416 INFO  [MauiTopicExtractor] Topic data architecture 1 0.8178571428571428 > true
22:06:36,416 INFO  [MauiTopicExtractor] Topic systems 1 0.8067857142857143 > true
22:06:36,416 INFO  [MauiTopicExtractor] Topic standards 1 0.7718797868797869 > true
22:06:36,416 INFO  [MauiTopicExtractor] Topic practices 1 0.7671178821178821 > true
22:06:36,416 INFO  [MauiTopicExtractor] Topic management 1 0.7574958949096879 > false
22:06:36,417 INFO  [MauiTopicExtractor] Topic database design 1 0.7378571428571429 > true
22:06:36,417 INFO  [MauiTopicExtractor] Topic policies 1 0.6861655011655012 > true
22:06:36,417 INFO  [MauiTopicExtractor] Topic NOAA 1 0.6859706959706959 > true
22:06:36,417 INFO  [MauiTopicExtractor] Topic architecture 1 0.6721178821178821 > false
22:06:36,417 INFO  [MauiTopicExtractor] Topic document 1 0.6293040293040293 > false
22:06:36,420 INFO  [MauiTopicExtractor] Topic improve 1 0.5803280627418558 > true
22:06:36,420 INFO  [MauiTopicExtractor] Topic data models 1 0.5754329004329005 > false
22:06:36,420 INFO  [MauiTopicExtractor] Topic support 1 0.3644658944658945 > true
22:06:36,420 INFO  [MauiTopicExtractor] Topic Environmental 1 0.34090909090909094 > true
22:06:36,420 INFO  [MauiTopicExtractor] Topic Develop 1 0.3235568035568036 > true
22:06:36,420 INFO  [MauiTopicExtractor] Topic observation 1 0.2505406280007517 > false
22:06:36,444 INFO  [MauiTopicExtractor] -- Processing document: 27.txt
22:06:36,445 INFO  [MauiTopicExtractor] -- Keyphrases and feature values:
22:06:36,445 INFO  [MauiTopicExtractor] Topic data mining 1 0.960930735930736 > true
22:06:36,445 INFO  [MauiTopicExtractor] Topic data 1 0.9405735930735931 > true
22:06:36,445 INFO  [MauiTopicExtractor] Topic program 1 0.9072402597402597 > true
22:06:36,445 INFO  [MauiTopicExtractor] Topic Design 1 0.9019249444249444 > true
22:06:36,445 INFO  [MauiTopicExtractor] Topic data sources 1 0.8999783549783549 > true
22:06:36,445 INFO  [MauiTopicExtractor] Topic statistical 1 0.8672402597402596 > true
22:06:36,445 INFO  [MauiTopicExtractor] Topic analytical 1 0.8572402597402597 > true
22:06:36,445 INFO  [MauiTopicExtractor] Topic data collection 1 0.7012119262119263 > true
22:06:36,445 INFO  [MauiTopicExtractor] Topic predictive 1 0.6984049858187789 > true
22:06:36,445 INFO  [MauiTopicExtractor] Topic processes 1 0.6984049858187789 > true
22:06:36,445 INFO  [MauiTopicExtractor] Topic models 1 0.6962878787878789 > true
22:06:36,445 INFO  [MauiTopicExtractor] Topic analyzing data 1 0.6561904761904762 > true
22:06:36,445 INFO  [MauiTopicExtractor] Topic analysis 1 0.6417857142857143 > true
22:06:36,446 INFO  [MauiTopicExtractor] Topic advanced 1 0.6217816091954023 > true
22:06:36,446 INFO  [MauiTopicExtractor] Topic clients 1 0.5983333333333334 > false
22:06:36,446 INFO  [MauiTopicExtractor] Topic team 1 0.5316666666666666 > false
22:06:36,446 INFO  [MauiTopicExtractor] Topic streamlined 1 0.4533333333333333 > true
22:06:36,446 INFO  [MauiTopicExtractor] Topic techniques 1 0.2555870425357194 > false
22:06:36,446 INFO  [MauiTopicExtractor] Topic Interpret 1 0.2499839124839125 > false
22:06:36,449 INFO  [MauiTopicExtractor] Topic recommendation 1 0.22706264822734798 > false
22:06:36,474 INFO  [MauiTopicExtractor] -- Processing document: 28.txt
22:06:36,474 INFO  [MauiTopicExtractor] -- Keyphrases and feature values:
22:06:36,474 INFO  [MauiTopicExtractor] Topic research 1 0.950573593073593 > true
22:06:36,474 INFO  [MauiTopicExtractor] Topic data 1 0.9405735930735931 > true
22:06:36,474 INFO  [MauiTopicExtractor] Topic analytical 1 0.8672402597402596 > true
22:06:36,474 INFO  [MauiTopicExtractor] Topic models 1 0.8572402597402597 > true
22:06:36,474 INFO  [MauiTopicExtractor] Topic segmentation 1 0.8189703989703989 > true
22:06:36,474 INFO  [MauiTopicExtractor] Topic reports 1 0.8072402597402597 > true
22:06:36,474 INFO  [MauiTopicExtractor] Topic mathematical 1 0.7856370656370657 > true
22:06:36,474 INFO  [MauiTopicExtractor] Topic clinical 1 0.7718797868797869 > true
22:06:36,474 INFO  [MauiTopicExtractor] Topic statistical 1 0.7697402597402598 > true
22:06:36,474 INFO  [MauiTopicExtractor] Topic analysis 1 0.731470398970399 > false
22:06:36,477 INFO  [MauiTopicExtractor] Topic optimize 1 0.7256553806553806 > false
22:06:36,477 INFO  [MauiTopicExtractor] Topic algorithms 1 0.7021212121212121 > true
22:06:36,477 INFO  [MauiTopicExtractor] Topic design 1 0.6896212121212122 > false
22:06:36,477 INFO  [MauiTopicExtractor] Topic Knowledge 1 0.6671178821178821 > true
22:06:36,477 INFO  [MauiTopicExtractor] Topic process improvement 1 0.6511904761904762 > true
22:06:36,477 INFO  [MauiTopicExtractor] Topic business 1 0.6106370656370657 > false
22:06:36,477 INFO  [MauiTopicExtractor] Topic systems 1 0.6086926211926211 > true
22:06:36,477 INFO  [MauiTopicExtractor] Topic analyze 1 0.5600560374698306 > false
22:06:36,477 INFO  [MauiTopicExtractor] Topic Develop 1 0.41004329004329004 > false
22:06:36,477 INFO  [MauiTopicExtractor] Topic management 1 0.28237275682143365 > false
22:06:36,486 INFO  [MauiTopicExtractor] -- Processing document: 29.txt
22:06:36,486 INFO  [MauiTopicExtractor] -- Keyphrases and feature values:
22:06:36,486 INFO  [MauiTopicExtractor] Topic research 1 0.9530735930735931 > true
22:06:36,486 INFO  [MauiTopicExtractor] Topic data 1 0.9405735930735931 > false
22:06:36,486 INFO  [MauiTopicExtractor] Topic data cleaning 1 0.9128571428571428 > true
22:06:36,486 INFO  [MauiTopicExtractor] Topic data collection 1 0.8938095238095238 > true
22:06:36,486 INFO  [MauiTopicExtractor] Topic environmental science 1 0.8795238095238096 > true
22:06:36,486 INFO  [MauiTopicExtractor] Topic sociology 1 0.8756553806553807 > true
22:06:36,486 INFO  [MauiTopicExtractor] Topic social 1 0.8207142857142857 > true
22:06:36,486 INFO  [MauiTopicExtractor] Topic science 1 0.7574958949096879 > true
22:06:36,486 INFO  [MauiTopicExtractor] Topic environmental 1 0.6475168525168525 > true
22:06:36,486 INFO  [MauiTopicExtractor] Topic geography 1 0.3802375976977215 > false
22:06:36,487 INFO  [MauiTopicExtractor] Topic Integrate 1 0.35344827586206895 > false
22:06:36,487 INFO  [MauiTopicExtractor] Topic social science 1 0.25128586315775164 > false
22:06:36,487 INFO  [MauiTopicExtractor] Topic support 1 0.2499839124839125 > false
22:06:36,487 INFO  [MauiTopicExtractor] Topic cleaning 1 0.24690426436438812 > false
22:06:36,487 INFO  [MauiTopicExtractor] Topic Masterâ 1 0.21826790072802452 > false
22:06:36,487 INFO  [MauiTopicExtractor] Topic responsibilities 1 0.20944437131625976 > false
22:06:36,487 INFO  [MauiTopicExtractor] Topic Experience 1 0.16506902451770136 > false
22:06:36,487 INFO  [MauiTopicExtractor] Topic collection 1 0.1528576821433637 > false
22:06:36,488 INFO  [MauiTopicExtractor] Topic projects 1 0.14090909090909093 > false
22:06:36,488 INFO  [MauiTopicExtractor] Topic Requires 1 0.13828741532229902 > false
22:06:36,509 INFO  [MauiTopicExtractor] -- Processing document: 3.txt
22:06:36,509 INFO  [MauiTopicExtractor] -- Keyphrases and feature values:
22:06:36,509 INFO  [MauiTopicExtractor] Topic big data 1 0.960930735930736 > true
22:06:36,509 INFO  [MauiTopicExtractor] Topic researchers 1 0.950573593073593 > true
22:06:36,509 INFO  [MauiTopicExtractor] Topic data 1 0.9405735930735931 > true
22:06:36,509 INFO  [MauiTopicExtractor] Topic SRC 1 0.9143040293040293 > true
22:06:36,509 INFO  [MauiTopicExtractor] Topic algorithms 1 0.9019249444249444 > true
22:06:36,509 INFO  [MauiTopicExtractor] Topic analytics 1 0.8672402597402596 > true
22:06:36,509 INFO  [MauiTopicExtractor] Topic big data analytics 1 0.7895238095238095 > true
22:06:36,509 INFO  [MauiTopicExtractor] Topic analysis 1 0.7273037323037322 > false
22:06:36,510 INFO  [MauiTopicExtractor] Topic collaboratively 1 0.7021212121212121 > true
22:06:36,510 INFO  [MauiTopicExtractor] Topic innovative 1 0.7019249444249444 > true
22:06:36,510 INFO  [MauiTopicExtractor] Topic health 1 0.6106370656370657 > true
22:06:36,510 INFO  [MauiTopicExtractor] Topic radar 1 0.5953379203379202 > true
22:06:36,510 INFO  [MauiTopicExtractor] Topic visit 1 0.5806553806553806 > true
22:06:36,510 INFO  [MauiTopicExtractor] Topic intern 1 0.5693422493422493 > false
22:06:36,510 INFO  [MauiTopicExtractor] Topic learn 1 0.561008916008916 > false
22:06:36,510 INFO  [MauiTopicExtractor] Topic statistical analysis 1 0.5478353028353029 > true
22:06:36,510 INFO  [MauiTopicExtractor] Topic Company 1 0.5344189718327649 > false
22:06:36,510 INFO  [MauiTopicExtractor] Topic statistical 1 0.5187878787878788 > false
22:06:36,510 INFO  [MauiTopicExtractor] Topic system 1 0.43406906906906906 > false
22:06:36,510 INFO  [MauiTopicExtractor] Topic team 1 0.43166666666666664 > false
22:06:36,527 INFO  [MauiTopicExtractor] -- Processing document: 4.txt
22:06:36,527 INFO  [MauiTopicExtractor] -- Keyphrases and feature values:
22:06:36,527 INFO  [MauiTopicExtractor] Topic Big Data 1 0.960930735930736 > true
22:06:36,527 INFO  [MauiTopicExtractor] Topic machine learning 1 0.9604761904761905 > true
22:06:36,527 INFO  [MauiTopicExtractor] Topic Research 1 0.950573593073593 > true
22:06:36,527 INFO  [MauiTopicExtractor] Topic data 1 0.9405735930735931 > true
22:06:36,527 INFO  [MauiTopicExtractor] Topic algorithms 1 0.9019249444249444 > true
22:06:36,527 INFO  [MauiTopicExtractor] Topic learning 1 0.89495670995671 > true
22:06:36,527 INFO  [MauiTopicExtractor] Topic Intern 1 0.8718797868797867 > true
22:06:36,527 INFO  [MauiTopicExtractor] Topic program 1 0.7896212121212122 > false
22:06:36,527 INFO  [MauiTopicExtractor] Topic Mathematics 1 0.7733333333333333 > true
22:06:36,527 INFO  [MauiTopicExtractor] Topic analytics 1 0.7187878787878789 > false
22:06:36,528 INFO  [MauiTopicExtractor] Topic statistical 1 0.7062878787878788 > true
22:06:36,528 INFO  [MauiTopicExtractor] Topic predictive analytics 1 0.6711904761904762 > true
22:06:36,529 INFO  [MauiTopicExtractor] Topic social 1 0.5256553806553806 > false
22:06:36,529 INFO  [MauiTopicExtractor] Topic deep 1 0.445970695970696 > true
22:06:36,529 INFO  [MauiTopicExtractor] Topic Commerce 1 0.2545313830084559 > false
22:06:36,529 INFO  [MauiTopicExtractor] Topic publication 1 0.2545313830084559 > false
22:06:36,529 INFO  [MauiTopicExtractor] Topic Scientist 1 0.24609091850471163 > false
22:06:36,529 INFO  [MauiTopicExtractor] Topic Position 1 0.2410909185047116 > false
22:06:36,529 INFO  [MauiTopicExtractor] Topic machine 1 0.2304526632787502 > false
22:06:36,529 INFO  [MauiTopicExtractor] Topic computer 1 0.20944437131625976 > false
22:06:36,566 INFO  [MauiTopicExtractor] -- Processing document: 5.txt
22:06:36,567 INFO  [MauiTopicExtractor] -- Keyphrases and feature values:
22:06:36,567 INFO  [MauiTopicExtractor] Topic data sources 1 0.960930735930736 > true
22:06:36,567 INFO  [MauiTopicExtractor] Topic data 1 0.9405735930735931 > true
22:06:36,572 INFO  [MauiTopicExtractor] Topic reporting 1 0.8685916110916111 > true
22:06:36,573 INFO  [MauiTopicExtractor] Topic Tableau 1 0.867117882117882 > true
22:06:36,573 INFO  [MauiTopicExtractor] Topic clients 1 0.8148037323037324 > true
22:06:36,573 INFO  [MauiTopicExtractor] Topic data analysis 1 0.8086904761904762 > true
22:06:36,573 INFO  [MauiTopicExtractor] Topic Program 1 0.8019249444249444 > true
22:06:36,573 INFO  [MauiTopicExtractor] Topic collect data 1 0.7988095238095239 > true
22:06:36,573 INFO  [MauiTopicExtractor] Topic data science 1 0.7604761904761905 > true
22:06:36,574 INFO  [MauiTopicExtractor] Topic Unisys 1 0.7563080613080613 > true
22:06:36,574 INFO  [MauiTopicExtractor] Topic Software Development 1 0.7370995670995671 > true
22:06:36,574 INFO  [MauiTopicExtractor] Topic specifically 1 0.7141835191835192 > false
22:06:36,574 INFO  [MauiTopicExtractor] Topic Business Intelligence 1 0.7069262119262119 > true
22:06:36,574 INFO  [MauiTopicExtractor] Topic analysis 1 0.6273037323037324 > true
22:06:36,574 INFO  [MauiTopicExtractor] Topic design 1 0.6019249444249444 > true
22:06:36,574 INFO  [MauiTopicExtractor] Topic Conceptually 1 0.5896575646575646 > true
22:06:36,574 INFO  [MauiTopicExtractor] Topic Software 1 0.5896137770275701 > true
22:06:36,575 INFO  [MauiTopicExtractor] Topic models 1 0.5672402597402597 > false
22:06:36,575 INFO  [MauiTopicExtractor] Topic analytical 1 0.5672402597402597 > true
22:06:36,575 INFO  [MauiTopicExtractor] Topic investigation 1 0.5608333333333333 > true
22:06:36,619 INFO  [MauiTopicExtractor] -- Processing document: 6.txt
22:06:36,620 INFO  [MauiTopicExtractor] -- Keyphrases and feature values:
22:06:36,620 INFO  [MauiTopicExtractor] Topic data 1 0.9405735930735931 > true
22:06:36,620 INFO  [MauiTopicExtractor] Topic Collaborate 1 0.8896212121212121 > true
22:06:36,620 INFO  [MauiTopicExtractor] Topic researching 1 0.8896212121212121 > true
22:06:36,620 INFO  [MauiTopicExtractor] Topic large data sets 1 0.8845238095238095 > true
22:06:36,621 INFO  [MauiTopicExtractor] Topic algorithms 1 0.8685916110916111 > true
22:06:36,621 INFO  [MauiTopicExtractor] Topic strategies 1 0.8681370656370657 > true
22:06:36,621 INFO  [MauiTopicExtractor] Topic data sets 1 0.8654761904761905 > true
22:06:36,621 INFO  [MauiTopicExtractor] Topic Staff 1 0.8423220473220473 > true
22:06:36,621 INFO  [MauiTopicExtractor] Topic supply chain 1 0.8037662337662338 > true
22:06:36,621 INFO  [MauiTopicExtractor] Topic technical 1 0.7896212121212122 > true
22:06:36,621 INFO  [MauiTopicExtractor] Topic future 1 0.7582311382311382 > true
22:06:36,622 INFO  [MauiTopicExtractor] Topic modeling 1 0.7572402597402598 > true
22:06:36,622 INFO  [MauiTopicExtractor] Topic operational 1 0.7273037323037322 > false
22:06:36,622 INFO  [MauiTopicExtractor] Topic business 1 0.7251190476190477 > true
22:06:36,622 INFO  [MauiTopicExtractor] Topic training 1 0.7106370656370656 > true
22:06:36,622 INFO  [MauiTopicExtractor] Topic teams 1 0.7031370656370657 > true
22:06:36,622 INFO  [MauiTopicExtractor] Topic innovative 1 0.7019249444249444 > true
22:06:36,622 INFO  [MauiTopicExtractor] Topic projects 1 0.6896137770275701 > true
22:06:36,622 INFO  [MauiTopicExtractor] Topic analytical 1 0.6672402597402598 > true
22:06:36,622 INFO  [MauiTopicExtractor] Topic logic 1 0.657004587004587 > true
22:06:36,631 INFO  [MauiTopicExtractor] -- Processing document: 7.txt
22:06:36,632 INFO  [MauiTopicExtractor] -- Keyphrases and feature values:
22:06:36,632 INFO  [MauiTopicExtractor] Topic Data 1 0.9405735930735931 > true
22:06:36,632 INFO  [MauiTopicExtractor] Topic SAS 1 0.9197402597402597 > true
22:06:36,632 INFO  [MauiTopicExtractor] Topic analytical 1 0.8572402597402597 > true
22:06:36,632 INFO  [MauiTopicExtractor] Topic Market 1 0.7856370656370657 > true
22:06:36,633 INFO  [MauiTopicExtractor] Topic modelling 1 0.7697402597402598 > true
22:06:36,633 INFO  [MauiTopicExtractor] Topic retention and customer 1 0.7178571428571429 > true
22:06:36,633 INFO  [MauiTopicExtractor] Topic Analysis 1 0.6008333333333333 > true
22:06:36,633 INFO  [MauiTopicExtractor] Topic Time 1 0.5923220473220473 > false
22:06:36,633 INFO  [MauiTopicExtractor] Topic techniques 1 0.5896137770275701 > true
22:06:36,633 INFO  [MauiTopicExtractor] Topic advanced 1 0.49461377702757015 > false
22:06:36,633 INFO  [MauiTopicExtractor] Topic customer 1 0.4803280627418558 > false
22:06:36,634 INFO  [MauiTopicExtractor] Topic Position 1 0.34090909090909094 > false
22:06:36,634 INFO  [MauiTopicExtractor] Topic Scientist 1 0.34090909090909094 > false
22:06:36,634 INFO  [MauiTopicExtractor] Topic high 1 0.24760952602384823 > false
22:06:36,635 INFO  [MauiTopicExtractor] Topic Require 1 0.19006902451770136 > false
22:06:36,635 INFO  [MauiTopicExtractor] Topic experience 1 0.16506902451770136 > false
22:06:36,635 INFO  [MauiTopicExtractor] Topic Job 1 0.1528576821433637 > false
22:06:36,635 INFO  [MauiTopicExtractor] Topic Â 1 0.14223427247415255 > false
22:06:36,635 INFO  [MauiTopicExtractor] Topic proficient 1 0.11713667900856746 > false
22:06:36,635 INFO  [MauiTopicExtractor] Topic study 1 0.11713667900856746 > false
22:06:36,646 INFO  [MauiTopicExtractor] -- Processing document: 8.txt
22:06:36,647 INFO  [MauiTopicExtractor] -- Keyphrases and feature values:
22:06:36,647 INFO  [MauiTopicExtractor] Topic data sources 1 0.960930735930736 > true
22:06:36,647 INFO  [MauiTopicExtractor] Topic data 1 0.9405735930735931 > true
22:06:36,647 INFO  [MauiTopicExtractor] Topic ABI 1 0.8476373626373626 > true
22:06:36,648 INFO  [MauiTopicExtractor] Topic IC 1 0.808988713988714 > true
22:06:36,648 INFO  [MauiTopicExtractor] Topic systems 1 0.8067857142857143 > true
22:06:36,648 INFO  [MauiTopicExtractor] Topic analytical 1 0.8062878787878788 > true
22:06:36,648 INFO  [MauiTopicExtractor] Topic Design 1 0.8019249444249444 > true
22:06:36,648 INFO  [MauiTopicExtractor] Topic work independently 1 0.7988095238095239 > true
22:06:36,648 INFO  [MauiTopicExtractor] Topic IAI 1 0.7526373626373626 > true
22:06:36,648 INFO  [MauiTopicExtractor] Topic team 1 0.7031370656370657 > true
22:06:36,648 INFO  [MauiTopicExtractor] Topic understanding 1 0.6923220473220474 > true
22:06:36,649 INFO  [MauiTopicExtractor] Topic engineering 1 0.6796846846846847 > false
22:06:36,649 INFO  [MauiTopicExtractor] Topic analysis 1 0.665952380952381 > true
22:06:36,649 INFO  [MauiTopicExtractor] Topic support of customers 1 0.6561904761904762 > true
22:06:36,649 INFO  [MauiTopicExtractor] Topic intelligence 1 0.5896137770275701 > true
22:06:36,649 INFO  [MauiTopicExtractor] Topic software 1 0.49979962721342036 > true
22:06:36,649 INFO  [MauiTopicExtractor] Topic Structured 1 0.463988713988714 > true
22:06:36,650 INFO  [MauiTopicExtractor] Topic services 1 0.43406906906906906 > false
22:06:36,650 INFO  [MauiTopicExtractor] Topic Integrity 1 0.41924407165786476 > true
22:06:36,650 INFO  [MauiTopicExtractor] Topic Applications 1 0.4123037323037323 > false
22:06:36,676 INFO  [MauiTopicExtractor] -- Processing document: 9.txt
22:06:36,676 INFO  [MauiTopicExtractor] -- Keyphrases and feature values:
22:06:36,676 INFO  [MauiTopicExtractor] Topic operations 1 0.9526190476190477 > true
22:06:36,676 INFO  [MauiTopicExtractor] Topic data 1 0.9405735930735931 > true
22:06:36,676 INFO  [MauiTopicExtractor] Topic program 1 0.8685916110916111 > false
22:06:36,676 INFO  [MauiTopicExtractor] Topic analytics 1 0.8572402597402597 > true
22:06:36,676 INFO  [MauiTopicExtractor] Topic Physics 1 0.8463513513513513 > true
22:06:36,676 INFO  [MauiTopicExtractor] Topic maritime 1 0.8423220473220473 > true
22:06:36,676 INFO  [MauiTopicExtractor] Topic APL 1 0.8320656370656371 > true
22:06:36,676 INFO  [MauiTopicExtractor] Topic technical 1 0.7896212121212122 > true
22:06:36,676 INFO  [MauiTopicExtractor] Topic analytic tools 1 0.7845238095238096 > false
22:06:36,676 INFO  [MauiTopicExtractor] Topic Research 1 0.7505735930735931 > true
22:06:36,677 INFO  [MauiTopicExtractor] Topic applied 1 0.7256553806553806 > true
22:06:36,677 INFO  [MauiTopicExtractor] Topic threat analysis 1 0.7228571428571429 > true
22:06:36,677 INFO  [MauiTopicExtractor] Topic Statistics 1 0.6672402597402598 > true
22:06:36,677 INFO  [MauiTopicExtractor] Topic teams 1 0.6273037323037324 > false
22:06:36,677 INFO  [MauiTopicExtractor] Topic analysis 1 0.5933333333333334 > false
22:06:36,677 INFO  [MauiTopicExtractor] Topic domain 1 0.4135709310310549 > false
22:06:36,677 INFO  [MauiTopicExtractor] Topic behaviors 1 0.41295696795696796 > false
22:06:36,678 INFO  [MauiTopicExtractor] Topic Develop 1 0.38490815490815494 > true
22:06:36,678 INFO  [MauiTopicExtractor] Topic Act 1 0.25543163218456716 > false
22:06:36,678 INFO  [MauiTopicExtractor] Topic regard 1 0.2502444664091661 > false
22:06:36,755 INFO  [MauiTopicExtractor] 
-- Evaluation results based on 28 documents:
22:06:36,756 INFO  [MauiTopicExtractor] Avg. number of correct keyphrases per document: 14.07 +/- 5.09
22:06:36,756 INFO  [MauiTopicExtractor] Precision: 70.36 +/- 25.46
22:06:36,756 INFO  [MauiTopicExtractor] Recall: 29.4 +/- 9.49
22:06:36,756 INFO  [MauiTopicExtractor] F-Measure: 41.47
22:06:36,756 INFO  [MauiTopicExtractor] 
